<?xml version="1.0" encoding="UTF-8"?>
<!-- Generated by org.testng.reporters.JUnitReportReporter -->
<testsuite skipped="0" hostname="QMAC0271.local" name="com.qa.tests.GetReviewsApi" tests="1" failures="0" timestamp="2020-06-07T19:17:00 IST" time="7.399" errors="1">
  <testcase name="verfiyResposeBodyWithQueryParams" time="7.399" classname="com.qa.tests.GetReviewsApi">
    <error type="com.fasterxml.jackson.databind.JsonMappingException" message="Can not deserialize instance of com.qa.util.ReviewsResponse$UserReviews out of START_ARRAY token
 at [Source: {&quot;reviews_count&quot;:2679,&quot;reviews_start&quot;:0,&quot;reviews_shown&quot;:5,&quot;user_reviews&quot;:[{&quot;review&quot;:{&quot;rating&quot;:3,&quot;review_text&quot;:&quot;&quot;,&quot;id&quot;:49240815,&quot;rating_color&quot;:&quot;CDD614&quot;,&quot;review_time_friendly&quot;:&quot;6 days ago&quot;,&quot;rating_text&quot;:&quot;Average&quot;,&quot;timestamp&quot;:1591029033,&quot;likes&quot;:0,&quot;user&quot;:{&quot;name&quot;:&quot;Shirin V&quot;,&quot;zomato_handle&quot;:&quot;&quot;,&quot;foodie_color&quot;:&quot;ffd35d&quot;,&quot;profile_url&quot;:&quot;https:\/\/www.zomato.com\/users\/shirin-v-53238054?utm_source=api_basic_user&amp;utm_medium=api&amp;utm_campaign=v2.1&quot;,&quot;profile_image&quot;:&quot;https:\/\/b.zmtcdn.com\/images\/user_avatars\/pizza_2x.png?fit=around%7C200%3A200&amp;crop=200%3A200%3B%2A%2C%2A&quot;,&quot;profile_deeplink&quot;:&quot;zomato:\/\/u\/53238054&quot;},&quot;comments_count&quot;:0}},{&quot;review&quot;:{&quot;rating&quot;:5,&quot;review_text&quot;:&quot;&quot;,&quot;id&quot;:49227849,&quot;rating_color&quot;:&quot;305D02&quot;,&quot;review_time_friendly&quot;:&quot;7 days ago&quot;,&quot;rating_text&quot;:&quot;Insane!&quot;,&quot;timestamp&quot;:1590896682,&quot;likes&quot;:0,&quot;user&quot;:{&quot;name&quot;:&quot;Hqnipun&quot;,&quot;foodie_color&quot;:&quot;ffd35d&quot;,&quot;profile_url&quot;:&quot;https:\/\/www.zomato.com\/users\/hqnipun-1454392?utm_source=api_basic_user&amp;utm_medium=api&amp;utm_campaign=v2.1&quot;,&quot;profile_image&quot;:&quot;https:\/\/b.zmtcdn.com\/data\/user_profile_pictures\/0ac\/04dc885212f5b862a88eb335769260ac.jpg?fit=around%7C100%3A100&amp;crop=100%3A100%3B%2A%2C%2A&quot;,&quot;profile_deeplink&quot;:&quot;zomato:\/\/u\/1454392&quot;},&quot;comments_count&quot;:0}},{&quot;review&quot;:{&quot;rating&quot;:4,&quot;review_text&quot;:&quot;&quot;,&quot;id&quot;:49222051,&quot;rating_color&quot;:&quot;5BA829&quot;,&quot;review_time_friendly&quot;:&quot;8 days ago&quot;,&quot;rating_text&quot;:&quot;Great!&quot;,&quot;timestamp&quot;:1590829193,&quot;likes&quot;:0,&quot;user&quot;:{&quot;name&quot;:&quot;Disha Chopra&quot;,&quot;zomato_handle&quot;:&quot;&quot;,&quot;foodie_color&quot;:&quot;ffd35d&quot;,&quot;profile_url&quot;:&quot;https:\/\/www.zomato.com\/users\/disha-chopra-166256364?utm_source=api_basic_user&amp;utm_medium=api&amp;utm_campaign=v2.1&quot;,&quot;profile_image&quot;:&quot;https:\/\/b.zmtcdn.com\/images\/user_avatars\/mug_2x.png?fit=around%7C200%3A200&amp;crop=200%3A200%3B%2A%2C%2A&quot;,&quot;profile_deeplink&quot;:&quot;zomato:\/\/u\/166256364&quot;},&quot;comments_count&quot;:0}},{&quot;review&quot;:{&quot;rating&quot;:5,&quot;review_text&quot;:&quot;&quot;,&quot;id&quot;:49217010,&quot;rating_color&quot;:&quot;305D02&quot;,&quot;review_time_friendly&quot;:&quot;9 days ago&quot;,&quot;rating_text&quot;:&quot;Insane!&quot;,&quot;timestamp&quot;:1590758263,&quot;likes&quot;:0,&quot;user&quot;:{&quot;name&quot;:&quot;Prem Shinde&quot;,&quot;foodie_color&quot;:&quot;ffd35d&quot;,&quot;profile_url&quot;:&quot;https:\/\/www.zomato.com\/users\/prem-shinde-32518346?utm_source=api_basic_user&amp;utm_medium=api&amp;utm_campaign=v2.1&quot;,&quot;profile_image&quot;:&quot;https:\/\/b.zmtcdn.com\/data\/user_profile_pictures\/e31\/627c38aeae196304f69b647549fb5e31.jpg?fit=around%7C100%3A100&amp;crop=100%3A100%3B%2A%2C%2A&quot;,&quot;profile_deeplink&quot;:&quot;zomato:\/\/u\/32518346&quot;},&quot;comments_count&quot;:0}},{&quot;review&quot;:{&quot;rating&quot;:5,&quot;review_text&quot;:&quot;All have to wait for their turn, when you&#039;re about to finish your repast, the next guy is hovering over your shoulder , waiting to take your table . Nevertheless one of the Modest places offering the best of best dosas , brilliant chutney and amazing coffee, definitely a must visit...Try and avoid weekends.&quot;,&quot;id&quot;:49200721,&quot;rating_color&quot;:&quot;305D02&quot;,&quot;review_time_friendly&quot;:&quot;12 days ago&quot;,&quot;rating_text&quot;:&quot;Insane!&quot;,&quot;timestamp&quot;:1590519213,&quot;likes&quot;:0,&quot;user&quot;:{&quot;name&quot;:&quot;Ritika&quot;,&quot;zomato_handle&quot;:&quot;&quot;,&quot;foodie_color&quot;:&quot;ffae4f&quot;,&quot;profile_url&quot;:&quot;https:\/\/www.zomato.com\/users\/ritika-5820661?utm_source=api_basic_user&amp;utm_medium=api&amp;utm_campaign=v2.1&quot;,&quot;profile_image&quot;:&quot;https:\/\/b.zmtcdn.com\/data\/user_profile_pictures\/ad5\/5486bdd115794c6c38b0859010830ad5.jpg?fit=around%7C100%3A100&amp;crop=100%3A100%3B%2A%2C%2A&quot;,&quot;profile_deeplink&quot;:&quot;zomato:\/\/u\/5820661&quot;},&quot;comments_count&quot;:0}}]}; line: 1, column: 58] (through reference chain: com.qa.util.ReviewsResponse[&quot;user_reviews&quot;])">
      <![CDATA[com.fasterxml.jackson.databind.JsonMappingException: Can not deserialize instance of com.qa.util.ReviewsResponse$UserReviews out of START_ARRAY token
 at [Source: {"reviews_count":2679,"reviews_start":0,"reviews_shown":5,"user_reviews":[{"review":{"rating":3,"review_text":"","id":49240815,"rating_color":"CDD614","review_time_friendly":"6 days ago","rating_text":"Average","timestamp":1591029033,"likes":0,"user":{"name":"Shirin V","zomato_handle":"","foodie_color":"ffd35d","profile_url":"https:\/\/www.zomato.com\/users\/shirin-v-53238054?utm_source=api_basic_user&utm_medium=api&utm_campaign=v2.1","profile_image":"https:\/\/b.zmtcdn.com\/images\/user_avatars\/pizza_2x.png?fit=around%7C200%3A200&crop=200%3A200%3B%2A%2C%2A","profile_deeplink":"zomato:\/\/u\/53238054"},"comments_count":0}},{"review":{"rating":5,"review_text":"","id":49227849,"rating_color":"305D02","review_time_friendly":"7 days ago","rating_text":"Insane!","timestamp":1590896682,"likes":0,"user":{"name":"Hqnipun","foodie_color":"ffd35d","profile_url":"https:\/\/www.zomato.com\/users\/hqnipun-1454392?utm_source=api_basic_user&utm_medium=api&utm_campaign=v2.1","profile_image":"https:\/\/b.zmtcdn.com\/data\/user_profile_pictures\/0ac\/04dc885212f5b862a88eb335769260ac.jpg?fit=around%7C100%3A100&crop=100%3A100%3B%2A%2C%2A","profile_deeplink":"zomato:\/\/u\/1454392"},"comments_count":0}},{"review":{"rating":4,"review_text":"","id":49222051,"rating_color":"5BA829","review_time_friendly":"8 days ago","rating_text":"Great!","timestamp":1590829193,"likes":0,"user":{"name":"Disha Chopra","zomato_handle":"","foodie_color":"ffd35d","profile_url":"https:\/\/www.zomato.com\/users\/disha-chopra-166256364?utm_source=api_basic_user&utm_medium=api&utm_campaign=v2.1","profile_image":"https:\/\/b.zmtcdn.com\/images\/user_avatars\/mug_2x.png?fit=around%7C200%3A200&crop=200%3A200%3B%2A%2C%2A","profile_deeplink":"zomato:\/\/u\/166256364"},"comments_count":0}},{"review":{"rating":5,"review_text":"","id":49217010,"rating_color":"305D02","review_time_friendly":"9 days ago","rating_text":"Insane!","timestamp":1590758263,"likes":0,"user":{"name":"Prem Shinde","foodie_color":"ffd35d","profile_url":"https:\/\/www.zomato.com\/users\/prem-shinde-32518346?utm_source=api_basic_user&utm_medium=api&utm_campaign=v2.1","profile_image":"https:\/\/b.zmtcdn.com\/data\/user_profile_pictures\/e31\/627c38aeae196304f69b647549fb5e31.jpg?fit=around%7C100%3A100&crop=100%3A100%3B%2A%2C%2A","profile_deeplink":"zomato:\/\/u\/32518346"},"comments_count":0}},{"review":{"rating":5,"review_text":"All have to wait for their turn, when you're about to finish your repast, the next guy is hovering over your shoulder , waiting to take your table . Nevertheless one of the Modest places offering the best of best dosas , brilliant chutney and amazing coffee, definitely a must visit...Try and avoid weekends.","id":49200721,"rating_color":"305D02","review_time_friendly":"12 days ago","rating_text":"Insane!","timestamp":1590519213,"likes":0,"user":{"name":"Ritika","zomato_handle":"","foodie_color":"ffae4f","profile_url":"https:\/\/www.zomato.com\/users\/ritika-5820661?utm_source=api_basic_user&utm_medium=api&utm_campaign=v2.1","profile_image":"https:\/\/b.zmtcdn.com\/data\/user_profile_pictures\/ad5\/5486bdd115794c6c38b0859010830ad5.jpg?fit=around%7C100%3A100&crop=100%3A100%3B%2A%2C%2A","profile_deeplink":"zomato:\/\/u\/5820661"},"comments_count":0}}]}; line: 1, column: 58] (through reference chain: com.qa.util.ReviewsResponse["user_reviews"])
at com.fasterxml.jackson.databind.JsonMappingException.from(JsonMappingException.java:148)
at com.fasterxml.jackson.databind.DeserializationContext.mappingException(DeserializationContext.java:857)
at com.fasterxml.jackson.databind.DeserializationContext.mappingException(DeserializationContext.java:853)
at com.fasterxml.jackson.databind.deser.BeanDeserializerBase.deserializeFromArray(BeanDeserializerBase.java:1257)
at com.fasterxml.jackson.databind.deser.BeanDeserializer._deserializeOther(BeanDeserializer.java:157)
at com.fasterxml.jackson.databind.deser.BeanDeserializer.deserialize(BeanDeserializer.java:136)
at com.fasterxml.jackson.databind.deser.SettableBeanProperty.deserialize(SettableBeanProperty.java:520)
at com.fasterxml.jackson.databind.deser.impl.MethodProperty.deserializeAndSet(MethodProperty.java:95)
at com.fasterxml.jackson.databind.deser.BeanDeserializer.vanillaDeserialize(BeanDeserializer.java:258)
at com.fasterxml.jackson.databind.deser.BeanDeserializer.deserialize(BeanDeserializer.java:125)
at com.fasterxml.jackson.databind.ObjectMapper._readMapAndClose(ObjectMapper.java:3736)
at com.fasterxml.jackson.databind.ObjectMapper.readValue(ObjectMapper.java:2726)
at com.qa.utils.DataRead.dataRead(DataRead.java:37)
at com.qa.tests.GetReviewsApi.verfiyResposeBodyWithQueryParams(GetReviewsApi.java:67)
at sun.reflect.NativeMethodAccessorImpl.invoke0(Native Method)
at sun.reflect.NativeMethodAccessorImpl.invoke(NativeMethodAccessorImpl.java:62)
at sun.reflect.DelegatingMethodAccessorImpl.invoke(DelegatingMethodAccessorImpl.java:43)
at java.lang.reflect.Method.invoke(Method.java:498)
at org.testng.internal.MethodInvocationHelper.invokeMethod(MethodInvocationHelper.java:134)
at org.testng.internal.TestInvoker.invokeMethod(TestInvoker.java:597)
at org.testng.internal.TestInvoker.invokeTestMethod(TestInvoker.java:173)
at org.testng.internal.MethodRunner.runInSequence(MethodRunner.java:46)
at org.testng.internal.TestInvoker$MethodInvocationAgent.invoke(TestInvoker.java:816)
at org.testng.internal.TestInvoker.invokeTestMethods(TestInvoker.java:146)
at org.testng.internal.TestMethodWorker.invokeTestMethods(TestMethodWorker.java:146)
at org.testng.internal.TestMethodWorker.run(TestMethodWorker.java:128)
at java.util.ArrayList.forEach(ArrayList.java:1257)
at org.testng.TestRunner.privateRun(TestRunner.java:766)
at org.testng.TestRunner.run(TestRunner.java:587)
at org.testng.SuiteRunner.runTest(SuiteRunner.java:384)
at org.testng.SuiteRunner.runSequentially(SuiteRunner.java:378)
at org.testng.SuiteRunner.privateRun(SuiteRunner.java:337)
at org.testng.SuiteRunner.run(SuiteRunner.java:286)
at org.testng.SuiteRunnerWorker.runSuite(SuiteRunnerWorker.java:53)
at org.testng.SuiteRunnerWorker.run(SuiteRunnerWorker.java:96)
at org.testng.TestNG.runSuitesSequentially(TestNG.java:1187)
at org.testng.TestNG.runSuitesLocally(TestNG.java:1109)
at org.testng.TestNG.runSuites(TestNG.java:1039)
at org.testng.TestNG.run(TestNG.java:1007)
at org.testng.remote.AbstractRemoteTestNG.run(AbstractRemoteTestNG.java:115)
at org.testng.remote.RemoteTestNG.initAndRun(RemoteTestNG.java:251)
at org.testng.remote.RemoteTestNG.main(RemoteTestNG.java:77)
]]>
    </error>
  </testcase> <!-- verfiyResposeBodyWithQueryParams -->
  <system-out/>
</testsuite> <!-- com.qa.tests.GetReviewsApi -->
