<?xml version="1.0" encoding="UTF-8"?>
<!-- Generated by org.testng.reporters.JUnitReportReporter -->
<testsuite skipped="0" hostname="QMAC0271.local" name="com.qa.tests.GetCitiesApi2" tests="5" failures="0" timestamp="2020-06-07T21:23:20 IST" time="4.798" errors="0">
  <testcase name="verifyStatusCodeWithoutApiKey" time="0.964" classname="com.qa.tests.GetCitiesApi2"/>
  <system-out/>
  <testcase name="verifyResponseBodyWithoutCityID" time="0.911" classname="com.qa.tests.GetCitiesApi2"/>
  <system-out/>
  <testcase name="getCityUsingLatLong" time="0.796" classname="com.qa.tests.GetCitiesApi2"/>
  <system-out/>
  <testcase name="getCityUsingQ" time="0.977" classname="com.qa.tests.GetCitiesApi2"/>
  <system-out/>
  <testcase name="getCityUsingSpecificCityName" time="1.150" classname="com.qa.tests.GetCitiesApi2"/>
  <system-out/>
</testsuite> <!-- com.qa.tests.GetCitiesApi2 -->
