<?xml version="1.0" encoding="UTF-8"?>
<!-- Generated by org.testng.reporters.JUnitReportReporter -->
<testsuite skipped="0" hostname="QMAC0271.local" name="com.qa.tests.GetLocationsApi" tests="3" failures="0" timestamp="2020-06-07T21:23:20 IST" time="3.066" errors="0">
  <testcase name="verfiyResposeBodyWithoutQueryParams" time="0.923" classname="com.qa.tests.GetLocationsApi"/>
  <system-out/>
  <testcase name="verfiyResposeBodyWithQueryParams" time="1.041" classname="com.qa.tests.GetLocationsApi"/>
  <system-out/>
  <testcase name="verfiyResposeBodyWithAllQueryParams" time="1.102" classname="com.qa.tests.GetLocationsApi"/>
  <system-out/>
</testsuite> <!-- com.qa.tests.GetLocationsApi -->
